  ###########################################################
  ###      _      __  ___                   __            ###
  ###     | | /| / / / _ \__ _____  ___ ___/ /__  ___     ###
  ###     | |/ |/ / / // / // / _ \(_-</ _  / _ \/ _ \    ###
  ###     |__/|__(_)____/\_,_/_//_/___/\_,_/\___/_//_/    ###
  ###                                                     ###
  ###                                          lst2rc.bat ###
  ###                                    16/02/2018 13:52 ###
  ###                                                     ###
  ### @brief Generate Resource File from Config LST...    ###
  ###                                                     ###
  ### @see lst2rc.readme.txt for details.                 ###
  ###                                                     ###
  ### @param %1 - LST file                                ###
  ###                                                     ###
  ###########################################################
  ### ///////////////////////////////////@file NppPluginBuildEnvironmentResource.rc
  ### ///
  ### /// Notepad++ Plugin Build Environment Configuration.
  ### ///
  ### /// Generated by: lst2rc.bat from NppPluginBuildEnvironmentResource.lst
  ### ///
  ### ///                                                                16 Feb 2018
  ### ///
  ### //////////////////////////////////////////////////////////////////////////////
  ### #include <windows.h>
  ### #include "NppPluginBuildEnvironmentResource.hpp"
  ### IDD_Build_Settings DIALOGEX 40 40 500 400
  ### STYLE DS_SETFONT | DS_FIXEDSYS | WS_POPUP | WS_CAPTION | WS_SYSMENU
  ### EXSTYLE WS_EX_TOOLWINDOW | WS_EX_WINDOWEDGE
  ### CAPTION "Build Settings"
  ### FONT 9, "MS Sans Serif", 0, 0, 0x0
  ### BEGIN
  ### LTEXT           "Build List File:", ID_BLDFIL_TEXT, 20, 40, 80, 9
  ### COMBOBOX        ID_BLDFIL_FBOX, 100, 40, 300, 120, CBS_DROPDOWN
  ### DEFPUSHBUTTON   "&...", ID_BLDFIL_BTTN, 400, 40, 20, 13, BS_NOTIFY
  ### LTEXT           "Build Branch:", ID_BLDBRA_TEXT, 20, 60, 80, 9
  ### COMBOBOX        ID_BLDBRA_CBOX, 100, 60, 300, 120, CBS_DROPDOWN
  ### LTEXT           "Build User:", ID_BLDUSR_TEXT, 20, 80, 80, 9
  ### COMBOBOX        ID_BLDUSR_CBOX, 100, 80, 300, 120, CBS_DROPDOWN
  ### LTEXT           "Build Password:", ID_BLDPWD_TEXT, 20, 100, 80, 9
  ### COMBOBOX        ID_BLDPWD_CBOX, 100, 100, 300, 120, CBS_DROPDOWN
  ### LTEXT           "Build Address:", ID_BLDADR_TEXT, 20, 120, 80, 9
  ### COMBOBOX        ID_BLDADR_CBOX, 100, 120, 300, 120, CBS_DROPDOWN
  ### LTEXT           "Build Version:", ID_BLDVER_TEXT, 20, 140, 80, 9
  ### COMBOBOX        ID_BLDVER_CBOX, 100, 140, 300, 120, CBS_DROPDOWN
  ### LTEXT           "Build Target:", ID_BLDTGT_TEXT, 20, 160, 80, 9
  ### COMBOBOX        ID_BLDTGT_CBOX, 100, 160, 300, 120, CBS_DROPDOWN
  ### LTEXT           "Build Project:", ID_BLDPRJ_TEXT, 20, 180, 80, 9
  ### COMBOBOX        ID_BLDPRJ_CBOX, 100, 180, 300, 120, CBS_DROPDOWN
  ### LTEXT           "Build Platform:", ID_BLDPFM_TEXT, 20, 200, 80, 9
  ### COMBOBOX        ID_BLDPFM_CBOX, 100, 200, 300, 120, CBS_DROPDOWN
  ### LTEXT           "Build Output:", ID_BLDOUT_TEXT, 20, 220, 80, 9
  ### COMBOBOX        ID_BLDOUT_CBOX, 100, 220, 300, 120, CBS_DROPDOWN
  ### LTEXT           "Target User:", ID_TGTUSR_TEXT, 20, 240, 80, 9
  ### COMBOBOX        ID_TGTUSR_CBOX, 100, 240, 300, 120, CBS_DROPDOWN
  ### LTEXT           "Target Password:", ID_TGTPWD_TEXT, 20, 260, 80, 9
  ### COMBOBOX        ID_TGTPWD_CBOX, 100, 260, 300, 120, CBS_DROPDOWN
  ### LTEXT           "Target Address:", ID_TGTADR_TEXT, 20, 280, 80, 9
  ### COMBOBOX        ID_TGTADR_CBOX, 100, 280, 300, 120, CBS_DROPDOWN
  ### LTEXT           "Configuration Database:", ID_DBSHAN_TEXT, 20, 300, 80, 9
  ### COMBOBOX        ID_DBSHAN_FBOX, 100, 300, 300, 120, CBS_DROPDOWN
  ### DEFPUSHBUTTON   "&...", ID_DBSHAN_BTTN, 400, 300, 20, 13, BS_NOTIFY
  ### DEFPUSHBUTTON   "&OK", IDOK, 200, 320, 40, 13, BS_NOTIFY
  ### DEFPUSHBUTTON   "&CANCEL", IDCANCEL, 240, 320, 40, 13, BS_NOTIFY
  ### END
  ### IDD_Directory_Settings DIALOGEX 40 40 500 400
  ### STYLE DS_SETFONT | DS_FIXEDSYS | WS_POPUP | WS_CAPTION | WS_SYSMENU
  ### EXSTYLE WS_EX_TOOLWINDOW | WS_EX_WINDOWEDGE
  ### CAPTION "Directory Settings"
  ### FONT 9, "MS Sans Serif", 0, 0, 0x0
  ### BEGIN
  ### LTEXT           "Directory List File:", ID_DIRFIL_TEXT, 20, 40, 80, 9
  ### COMBOBOX        ID_DIRFIL_FBOX, 100, 40, 300, 120, CBS_DROPDOWN
  ### DEFPUSHBUTTON   "&...", ID_DIRFIL_BTTN, 400, 40, 20, 13, BS_NOTIFY
  ### LTEXT           "Project Directory:", ID_PRJDIR_TEXT, 20, 60, 80, 9
  ### COMBOBOX        ID_PRJDIR_DBOX, 100, 60, 300, 120, CBS_DROPDOWN
  ### DEFPUSHBUTTON   "&...", ID_PRJDIR_BTTN, 400, 60, 20, 13, BS_NOTIFY
  ### LTEXT           "Temp Directory:", ID_TMPDIR_TEXT, 20, 80, 80, 9
  ### COMBOBOX        ID_TMPDIR_DBOX, 100, 80, 300, 120, CBS_DROPDOWN
  ### DEFPUSHBUTTON   "&...", ID_TMPDIR_BTTN, 400, 80, 20, 13, BS_NOTIFY
  ### LTEXT           "Tools Directory:", ID_TLSDIR_TEXT, 20, 100, 80, 9
  ### COMBOBOX        ID_TLSDIR_DBOX, 100, 100, 300, 120, CBS_DROPDOWN
  ### DEFPUSHBUTTON   "&...", ID_TLSDIR_BTTN, 400, 100, 20, 13, BS_NOTIFY
  ### LTEXT           "Batch File Directory:", ID_BATDIR_TEXT, 20, 120, 80, 9
  ### COMBOBOX        ID_BATDIR_DBOX, 100, 120, 300, 120, CBS_DROPDOWN
  ### DEFPUSHBUTTON   "&...", ID_BATDIR_BTTN, 400, 120, 20, 13, BS_NOTIFY
  ### LTEXT           "Staging Directory:", ID_TGZDIR_TEXT, 20, 140, 80, 9
  ### COMBOBOX        ID_TGZDIR_DBOX, 100, 140, 300, 120, CBS_DROPDOWN
  ### DEFPUSHBUTTON   "&...", ID_TGZDIR_BTTN, 400, 140, 20, 13, BS_NOTIFY
  ### LTEXT           "Release Directory:", ID_RELDIR_TEXT, 20, 160, 80, 9
  ### COMBOBOX        ID_RELDIR_DBOX, 100, 160, 300, 120, CBS_DROPDOWN
  ### DEFPUSHBUTTON   "&...", ID_RELDIR_BTTN, 400, 160, 20, 13, BS_NOTIFY
  ### LTEXT           "Cygwin Directory:", ID_CYGDIR_TEXT, 20, 180, 80, 9
  ### COMBOBOX        ID_CYGDIR_DBOX, 100, 180, 300, 120, CBS_DROPDOWN
  ### DEFPUSHBUTTON   "&...", ID_CYGDIR_BTTN, 400, 180, 20, 13, BS_NOTIFY
  ### LTEXT           "Free File Sync Directory:", ID_FFSDIR_TEXT, 20, 200, 80, 9
  ### COMBOBOX        ID_FFSDIR_DBOX, 100, 200, 300, 120, CBS_DROPDOWN
  ### DEFPUSHBUTTON   "&...", ID_FFSDIR_BTTN, 400, 200, 20, 13, BS_NOTIFY
  ### LTEXT           "Build Drive:", ID_MAPDRV_TEXT, 20, 220, 80, 9
  ### COMBOBOX        ID_MAPDRV_CBOX, 100, 220, 300, 120, CBS_DROPDOWN
  ### LTEXT           "Home Drive:", ID_HOMDRV_TEXT, 20, 240, 80, 9
  ### COMBOBOX        ID_HOMDRV_CBOX, 100, 240, 300, 120, CBS_DROPDOWN
  ### DEFPUSHBUTTON   "&OK", IDOK, 200, 260, 40, 13, BS_NOTIFY
  ### DEFPUSHBUTTON   "&CANCEL", IDCANCEL, 240, 260, 40, 13, BS_NOTIFY
  ### END
  ### IDD_Executable_Settings DIALOGEX 40 40 500 400
  ### STYLE DS_SETFONT | DS_FIXEDSYS | WS_POPUP | WS_CAPTION | WS_SYSMENU
  ### EXSTYLE WS_EX_TOOLWINDOW | WS_EX_WINDOWEDGE
  ### CAPTION "Executable Settings"
  ### FONT 9, "MS Sans Serif", 0, 0, 0x0
  ### BEGIN
  ### LTEXT           "Executable List File:", ID_EXEFIL_TEXT, 20, 40, 80, 9
  ### COMBOBOX        ID_EXEFIL_FBOX, 100, 40, 300, 120, CBS_DROPDOWN
  ### DEFPUSHBUTTON   "&...", ID_EXEFIL_BTTN, 400, 40, 20, 13, BS_NOTIFY
  ### LTEXT           "Teraterm Macro Executable:", ID_TTLEXE_TEXT, 20, 60, 80, 9
  ### COMBOBOX        ID_TTLEXE_FBOX, 100, 60, 300, 120, CBS_DROPDOWN
  ### DEFPUSHBUTTON   "&...", ID_TTLEXE_BTTN, 400, 60, 20, 13, BS_NOTIFY
  ### LTEXT           "Putty Link Executable:", ID_PLKEXE_TEXT, 20, 80, 80, 9
  ### COMBOBOX        ID_PLKEXE_FBOX, 100, 80, 300, 120, CBS_DROPDOWN
  ### DEFPUSHBUTTON   "&...", ID_PLKEXE_BTTN, 400, 80, 20, 13, BS_NOTIFY
  ### LTEXT           "Putty SCP Executable:", ID_PCPEXE_TEXT, 20, 100, 80, 9
  ### COMBOBOX        ID_PCPEXE_FBOX, 100, 100, 300, 120, CBS_DROPDOWN
  ### DEFPUSHBUTTON   "&...", ID_PCPEXE_BTTN, 400, 100, 20, 13, BS_NOTIFY
  ### LTEXT           "Python Executable:", ID_PYTEXE_TEXT, 20, 120, 80, 9
  ### COMBOBOX        ID_PYTEXE_FBOX, 100, 120, 300, 120, CBS_DROPDOWN
  ### DEFPUSHBUTTON   "&...", ID_PYTEXE_BTTN, 400, 120, 20, 13, BS_NOTIFY
  ### LTEXT           "Free File Sync Executable:", ID_FFSEXE_TEXT, 20, 140, 80, 9
  ### COMBOBOX        ID_FFSEXE_FBOX, 100, 140, 300, 120, CBS_DROPDOWN
  ### DEFPUSHBUTTON   "&...", ID_FFSEXE_BTTN, 400, 140, 20, 13, BS_NOTIFY
  ### LTEXT           "Start Command:", ID_BEGCMD_TEXT, 20, 160, 80, 9
  ### COMBOBOX        ID_BEGCMD_CBOX, 100, 160, 300, 120, CBS_DROPDOWN
  ### LTEXT           "Terminate Command:", ID_TRMCMD_TEXT, 20, 180, 80, 9
  ### COMBOBOX        ID_TRMCMD_CBOX, 100, 180, 300, 120, CBS_DROPDOWN
  ### DEFPUSHBUTTON   "&OK", IDOK, 200, 200, 40, 13, BS_NOTIFY
  ### DEFPUSHBUTTON   "&CANCEL", IDCANCEL, 240, 200, 40, 13, BS_NOTIFY
  ### END
  ### IDD_Miscellaneous_Settings DIALOGEX 40 40 500 400
  ### STYLE DS_SETFONT | DS_FIXEDSYS | WS_POPUP | WS_CAPTION | WS_SYSMENU
  ### EXSTYLE WS_EX_TOOLWINDOW | WS_EX_WINDOWEDGE
  ### CAPTION "Miscellaneous Settings"
  ### FONT 9, "MS Sans Serif", 0, 0, 0x0
  ### BEGIN
  ### LTEXT           "Miscellaneous List File:", ID_MSCFIL_TEXT, 20, 40, 80, 9
  ### COMBOBOX        ID_MSCFIL_FBOX, 100, 40, 300, 120, CBS_DROPDOWN
  ### DEFPUSHBUTTON   "&...", ID_MSCFIL_BTTN, 400, 40, 20, 13, BS_NOTIFY
  ### LTEXT           "Target Database Directory:", ID_DBSDIR_TEXT, 20, 60, 80, 9
  ### COMBOBOX        ID_DBSDIR_CBOX, 100, 60, 300, 120, CBS_DROPDOWN
  ### LTEXT           "Database Name:", ID_DBSFIL_TEXT, 20, 80, 80, 9
  ### COMBOBOX        ID_DBSFIL_CBOX, 100, 80, 300, 120, CBS_DROPDOWN
  ### LTEXT           "Timezone Continent:", ID_LTZCON_TEXT, 20, 100, 80, 9
  ### COMBOBOX        ID_LTZCON_CBOX, 100, 100, 300, 120, CBS_DROPDOWN
  ### LTEXT           "Timezone City:", ID_LTZCIT_TEXT, 20, 120, 80, 9
  ### COMBOBOX        ID_LTZCIT_CBOX, 100, 120, 300, 120, CBS_DROPDOWN
  ### LTEXT           "Log Directory:", ID_LOGDIR_TEXT, 20, 140, 80, 9
  ### COMBOBOX        ID_LOGDIR_CBOX, 100, 140, 300, 120, CBS_DROPDOWN
  ### LTEXT           "Log File:", ID_LOGFIL_TEXT, 20, 160, 80, 9
  ### COMBOBOX        ID_LOGFIL_CBOX, 100, 160, 300, 120, CBS_DROPDOWN
  ### LTEXT           "Timed File Log Directory:", ID_MOVLOG_TEXT, 20, 180, 80, 9
  ### COMBOBOX        ID_MOVLOG_CBOX, 100, 180, 300, 120, CBS_DROPDOWN
  ### DEFPUSHBUTTON   "&OK", IDOK, 200, 200, 40, 13, BS_NOTIFY
  ### DEFPUSHBUTTON   "&CANCEL", IDCANCEL, 240, 200, 40, 13, BS_NOTIFY
  ### END
  ### IDD_SQL_Settings DIALOGEX 40 40 500 400
  ### STYLE DS_SETFONT | DS_FIXEDSYS | WS_POPUP | WS_CAPTION | WS_SYSMENU
  ### EXSTYLE WS_EX_TOOLWINDOW | WS_EX_WINDOWEDGE
  ### CAPTION "SQL Settings"
  ### FONT 9, "MS Sans Serif", 0, 0, 0x0
  ### BEGIN
  ### LTEXT           "SQL Settings List File:", ID_SQLFIL_TEXT, 20, 300, 80, 9
  ### COMBOBOX        ID_SQLFIL_FBOX, 100, 300, 300, 120, CBS_DROPDOWN
  ### DEFPUSHBUTTON   "&...", ID_SQLFIL_BTTN, 400, 300, 20, 13, BS_NOTIFY
  ### LTEXT           "Module Name:", ID_SQLMOD_TEXT, 100, 40, 140, 9
  ### LTEXT           "Tag:", ID_SQLTAG_TEXT, 250, 40, 140, 9
  ### LTEXT           "Value:", ID_SQLVAL_TEXT, 400, 40, 140, 9
  ### LTEXT           "1:", ID_SQLMOD1_TEXT, 90, 60, 18, 9
  ### COMBOBOX        ID_SQLMOD1_CBOX, 100, 60, 140, 120, CBS_DROPDOWN
  ### COMBOBOX        ID_SQLTAG1_CBOX, 250, 60, 140, 120, CBS_DROPDOWN
  ### COMBOBOX        ID_SQLVAL1_CBOX, 400, 60, 140, 120, CBS_DROPDOWN
  ### LTEXT           "2:", ID_SQLMOD2_TEXT, 90, 80, 18, 9
  ### COMBOBOX        ID_SQLMOD2_CBOX, 100, 80, 140, 120, CBS_DROPDOWN
  ### COMBOBOX        ID_SQLTAG2_CBOX, 250, 80, 140, 120, CBS_DROPDOWN
  ### COMBOBOX        ID_SQLVAL2_CBOX, 400, 80, 140, 120, CBS_DROPDOWN
  ### LTEXT           "3:", ID_SQLMOD3_TEXT, 90, 100, 18, 9
  ### COMBOBOX        ID_SQLMOD3_CBOX, 100, 100, 140, 120, CBS_DROPDOWN
  ### COMBOBOX        ID_SQLTAG3_CBOX, 250, 100, 140, 120, CBS_DROPDOWN
  ### COMBOBOX        ID_SQLVAL3_CBOX, 400, 100, 140, 120, CBS_DROPDOWN
  ### LTEXT           "4:", ID_SQLMOD4_TEXT, 90, 120, 18, 9
  ### COMBOBOX        ID_SQLMOD4_CBOX, 100, 120, 140, 120, CBS_DROPDOWN
  ### COMBOBOX        ID_SQLTAG4_CBOX, 250, 120, 140, 120, CBS_DROPDOWN
  ### COMBOBOX        ID_SQLVAL4_CBOX, 400, 120, 140, 120, CBS_DROPDOWN
  ### LTEXT           "5:", ID_SQLMOD5_TEXT, 90, 140, 18, 9
  ### COMBOBOX        ID_SQLMOD5_CBOX, 100, 140, 140, 120, CBS_DROPDOWN
  ### COMBOBOX        ID_SQLTAG5_CBOX, 250, 140, 140, 120, CBS_DROPDOWN
  ### COMBOBOX        ID_SQLVAL5_CBOX, 400, 140, 140, 120, CBS_DROPDOWN
  ### LTEXT           "6:", ID_SQLMOD6_TEXT, 90, 160, 18, 9
  ### COMBOBOX        ID_SQLMOD6_CBOX, 100, 160, 140, 120, CBS_DROPDOWN
  ### COMBOBOX        ID_SQLTAG6_CBOX, 250, 160, 140, 120, CBS_DROPDOWN
  ### COMBOBOX        ID_SQLVAL6_CBOX, 400, 160, 140, 120, CBS_DROPDOWN
  ### LTEXT           "7:", ID_SQLMOD7_TEXT, 90, 180, 18, 9
  ### COMBOBOX        ID_SQLMOD7_CBOX, 100, 180, 140, 120, CBS_DROPDOWN
  ### COMBOBOX        ID_SQLTAG7_CBOX, 250, 180, 140, 120, CBS_DROPDOWN
  ### COMBOBOX        ID_SQLVAL7_CBOX, 400, 180, 140, 120, CBS_DROPDOWN
  ### LTEXT           "8:", ID_SQLMOD8_TEXT, 90, 200, 18, 9
  ### COMBOBOX        ID_SQLMOD8_CBOX, 100, 200, 140, 120, CBS_DROPDOWN
  ### COMBOBOX        ID_SQLTAG8_CBOX, 250, 200, 140, 120, CBS_DROPDOWN
  ### COMBOBOX        ID_SQLVAL8_CBOX, 400, 200, 140, 120, CBS_DROPDOWN
  ### LTEXT           "9:", ID_SQLMOD9_TEXT, 90, 220, 18, 9
  ### COMBOBOX        ID_SQLMOD9_CBOX, 100, 220, 140, 120, CBS_DROPDOWN
  ### COMBOBOX        ID_SQLTAG9_CBOX, 250, 220, 140, 120, CBS_DROPDOWN
  ### COMBOBOX        ID_SQLVAL9_CBOX, 400, 220, 140, 120, CBS_DROPDOWN
  ### LTEXT           "10:", ID_SQLMOD10_TEXT, 90, 240, 18, 9
  ### COMBOBOX        ID_SQLMOD10_CBOX, 100, 240, 140, 120, CBS_DROPDOWN
  ### COMBOBOX        ID_SQLTAG10_CBOX, 250, 240, 140, 120, CBS_DROPDOWN
  ### COMBOBOX        ID_SQLVAL10_CBOX, 400, 240, 140, 120, CBS_DROPDOWN
  ### LTEXT           "11:", ID_SQLMOD11_TEXT, 90, 260, 18, 9
  ### COMBOBOX        ID_SQLMOD11_CBOX, 100, 260, 140, 120, CBS_DROPDOWN
  ### COMBOBOX        ID_SQLTAG11_CBOX, 250, 260, 140, 120, CBS_DROPDOWN
  ### COMBOBOX        ID_SQLVAL11_CBOX, 400, 260, 140, 120, CBS_DROPDOWN
  ### LTEXT           "12:", ID_SQLMOD12_TEXT, 90, 280, 18, 9
  ### COMBOBOX        ID_SQLMOD12_CBOX, 100, 280, 140, 120, CBS_DROPDOWN
  ### COMBOBOX        ID_SQLTAG12_CBOX, 250, 280, 140, 120, CBS_DROPDOWN
  ### COMBOBOX        ID_SQLVAL12_CBOX, 400, 280, 140, 120, CBS_DROPDOWN
  ### DEFPUSHBUTTON   "&OK", IDOK, 200, 320, 40, 13, BS_NOTIFY
  ### DEFPUSHBUTTON   "&CANCEL", IDCANCEL, 240, 320, 40, 13, BS_NOTIFY
  ### END
  ### IDD_Custom_Settings DIALOGEX 40 40 500 400
  ### STYLE DS_SETFONT | DS_FIXEDSYS | WS_POPUP | WS_CAPTION | WS_SYSMENU
  ### EXSTYLE WS_EX_TOOLWINDOW | WS_EX_WINDOWEDGE
  ### CAPTION "Custom Settings"
  ### FONT 9, "MS Sans Serif", 0, 0, 0x0
  ### BEGIN
  ### LTEXT           "Custom Settings List File", ID_CSTFIL_TEXT, 20, 300, 80, 9
  ### COMBOBOX        ID_CSTFIL_FBOX, 100, 300, 300, 120, CBS_DROPDOWN
  ### DEFPUSHBUTTON   "&...", ID_CSTFIL_BTTN, 400, 300, 20, 13, BS_NOTIFY
  ### LTEXT           "Variable:", ID_CSTVAR_TEXT, 100, 40, 140, 9
  ### LTEXT           "Value:", ID_CSTVAL_TEXT, 250, 40, 140, 9
  ### LTEXT           "1:", ID_CSTVAR1_TEXT, 90, 60, 18, 9
  ### COMBOBOX        ID_CSTVAR1_CBOX, 100, 60, 140, 120, CBS_DROPDOWN
  ### COMBOBOX        ID_CSTVAL1_CBOX, 250, 60, 140, 120, CBS_DROPDOWN
  ### LTEXT           "2:", ID_CSTVAR2_TEXT, 90, 80, 18, 9
  ### COMBOBOX        ID_CSTVAR2_CBOX, 100, 80, 140, 120, CBS_DROPDOWN
  ### COMBOBOX        ID_CSTVAL2_CBOX, 250, 80, 140, 120, CBS_DROPDOWN
  ### LTEXT           "3:", ID_CSTVAR3_TEXT, 90, 100, 18, 9
  ### COMBOBOX        ID_CSTVAR3_CBOX, 100, 100, 140, 120, CBS_DROPDOWN
  ### COMBOBOX        ID_CSTVAL3_CBOX, 250, 100, 140, 120, CBS_DROPDOWN
  ### LTEXT           "4:", ID_CSTVAR4_TEXT, 90, 120, 18, 9
  ### COMBOBOX        ID_CSTVAR4_CBOX, 100, 120, 140, 120, CBS_DROPDOWN
  ### COMBOBOX        ID_CSTVAL4_CBOX, 250, 120, 140, 120, CBS_DROPDOWN
  ### LTEXT           "5:", ID_CSTVAR5_TEXT, 90, 140, 18, 9
  ### COMBOBOX        ID_CSTVAR5_CBOX, 100, 140, 140, 120, CBS_DROPDOWN
  ### COMBOBOX        ID_CSTVAL5_CBOX, 250, 140, 140, 120, CBS_DROPDOWN
  ### LTEXT           "6:", ID_CSTVAR6_TEXT, 90, 160, 18, 9
  ### COMBOBOX        ID_CSTVAR6_CBOX, 100, 160, 140, 120, CBS_DROPDOWN
  ### COMBOBOX        ID_CSTVAL6_CBOX, 250, 160, 140, 120, CBS_DROPDOWN
  ### LTEXT           "7:", ID_CSTVAR7_TEXT, 90, 180, 18, 9
  ### COMBOBOX        ID_CSTVAR7_CBOX, 100, 180, 140, 120, CBS_DROPDOWN
  ### COMBOBOX        ID_CSTVAL7_CBOX, 250, 180, 140, 120, CBS_DROPDOWN
  ### LTEXT           "8:", ID_CSTVAR8_TEXT, 90, 200, 18, 9
  ### COMBOBOX        ID_CSTVAR8_CBOX, 100, 200, 140, 120, CBS_DROPDOWN
  ### COMBOBOX        ID_CSTVAL8_CBOX, 250, 200, 140, 120, CBS_DROPDOWN
  ### LTEXT           "9:", ID_CSTVAR9_TEXT, 90, 220, 18, 9
  ### COMBOBOX        ID_CSTVAR9_CBOX, 100, 220, 140, 120, CBS_DROPDOWN
  ### COMBOBOX        ID_CSTVAL9_CBOX, 250, 220, 140, 120, CBS_DROPDOWN
  ### LTEXT           "10:", ID_CSTVAR10_TEXT, 90, 240, 18, 9
  ### COMBOBOX        ID_CSTVAR10_CBOX, 100, 240, 140, 120, CBS_DROPDOWN
  ### COMBOBOX        ID_CSTVAL10_CBOX, 250, 240, 140, 120, CBS_DROPDOWN
  ### LTEXT           "11:", ID_CSTVAR11_TEXT, 90, 260, 18, 9
  ### COMBOBOX        ID_CSTVAR11_CBOX, 100, 260, 140, 120, CBS_DROPDOWN
  ### COMBOBOX        ID_CSTVAL11_CBOX, 250, 260, 140, 120, CBS_DROPDOWN
  ### LTEXT           "12:", ID_CSTVAR12_TEXT, 90, 280, 18, 9
  ### COMBOBOX        ID_CSTVAR12_CBOX, 100, 280, 140, 120, CBS_DROPDOWN
  ### COMBOBOX        ID_CSTVAL12_CBOX, 250, 280, 140, 120, CBS_DROPDOWN
  ### DEFPUSHBUTTON   "&OK", IDOK, 200, 320, 40, 13, BS_NOTIFY
  ### DEFPUSHBUTTON   "&CANCEL", IDCANCEL, 240, 320, 40, 13, BS_NOTIFY
  ### END
  ###########################################################
  ###      _      __  ___                   __            ###
  ###     | | /| / / / _ \__ _____  ___ ___/ /__  ___     ###
  ###     | |/ |/ / / // / // / _ \(_-</ _  / _ \/ _ \    ###
  ###     |__/|__(_)____/\_,_/_//_/___/\_,_/\___/_//_/    ###
  ###                                                     ###
  ###                                          rc2hpp.bat ###
  ###                                    16/02/2018 13:52 ###
  ###                                                     ###
  ### @brief Generate Config HPP from Resource File...    ###
  ###                                                     ###
  ### @see rc2hpp.readme.txt for details.                 ###
  ###                                                     ###
  ### @param %1 - Resource file                           ###
  ###                                                     ###
  ###########################################################
  ### ///////////////////////////////////@file "C:\Source\npp-plugins\BuildEnvironment\NppPluginBuildEnvironment\NppPluginBuildEnvironmentResource.hpp"
  ### ///
  ### /// Notepad++ Tools Environment Configuration.
  ### ///
  ### /// Generated by: rc2hpp.bat from NppPluginBuildEnvironmentResource.rc
  ### ///
  ### ///                                                                16 Feb 2018
  ### ///
  ### //////////////////////////////////////////////////////////////////////////////
  ### #ifndef NPPPLUGINBUILDENVIRONMENTRESOURCE_HPP
  ### #define NPPPLUGINBUILDENVIRONMENTRESOURCE_HPP
  ### #ifndef IDC_STATIC
  ### #define IDC_STATIC -1
  ### #endif
  ### #define IDD_Build_Settings 2000
  ### #define ID_BLDFIL_TEXT (IDD_Build_Settings + 1)
  ### #define ID_BLDFIL_FBOX (IDD_Build_Settings + 2)
  ### #define ID_BLDFIL_BTTN (IDD_Build_Settings + 3)
  ### #define ID_BLDBRA_TEXT (IDD_Build_Settings + 4)
  ### #define ID_BLDBRA_CBOX (IDD_Build_Settings + 5)
  ### #define ID_BLDUSR_TEXT (IDD_Build_Settings + 6)
  ### #define ID_BLDUSR_CBOX (IDD_Build_Settings + 7)
  ### #define ID_BLDPWD_TEXT (IDD_Build_Settings + 8)
  ### #define ID_BLDPWD_CBOX (IDD_Build_Settings + 9)
  ### #define ID_BLDADR_TEXT (IDD_Build_Settings + 10)
  ### #define ID_BLDADR_CBOX (IDD_Build_Settings + 11)
  ### #define ID_BLDVER_TEXT (IDD_Build_Settings + 12)
  ### #define ID_BLDVER_CBOX (IDD_Build_Settings + 13)
  ### #define ID_BLDTGT_TEXT (IDD_Build_Settings + 14)
  ### #define ID_BLDTGT_CBOX (IDD_Build_Settings + 15)
  ### #define ID_BLDPRJ_TEXT (IDD_Build_Settings + 16)
  ### #define ID_BLDPRJ_CBOX (IDD_Build_Settings + 17)
  ### #define ID_BLDPFM_TEXT (IDD_Build_Settings + 18)
  ### #define ID_BLDPFM_CBOX (IDD_Build_Settings + 19)
  ### #define ID_BLDOUT_TEXT (IDD_Build_Settings + 20)
  ### #define ID_BLDOUT_CBOX (IDD_Build_Settings + 21)
  ### #define ID_TGTUSR_TEXT (IDD_Build_Settings + 22)
  ### #define ID_TGTUSR_CBOX (IDD_Build_Settings + 23)
  ### #define ID_TGTPWD_TEXT (IDD_Build_Settings + 24)
  ### #define ID_TGTPWD_CBOX (IDD_Build_Settings + 25)
  ### #define ID_TGTADR_TEXT (IDD_Build_Settings + 26)
  ### #define ID_TGTADR_CBOX (IDD_Build_Settings + 27)
  ### #define ID_DBSHAN_TEXT (IDD_Build_Settings + 28)
  ### #define ID_DBSHAN_FBOX (IDD_Build_Settings + 29)
  ### #define ID_DBSHAN_BTTN (IDD_Build_Settings + 30)
  ### #define IDD_Directory_Settings 3000
  ### #define ID_DIRFIL_TEXT (IDD_Directory_Settings + 1)
  ### #define ID_DIRFIL_FBOX (IDD_Directory_Settings + 2)
  ### #define ID_DIRFIL_BTTN (IDD_Directory_Settings + 3)
  ### #define ID_PRJDIR_TEXT (IDD_Directory_Settings + 4)
  ### #define ID_PRJDIR_DBOX (IDD_Directory_Settings + 5)
  ### #define ID_PRJDIR_BTTN (IDD_Directory_Settings + 6)
  ### #define ID_TMPDIR_TEXT (IDD_Directory_Settings + 7)
  ### #define ID_TMPDIR_DBOX (IDD_Directory_Settings + 8)
  ### #define ID_TMPDIR_BTTN (IDD_Directory_Settings + 9)
  ### #define ID_TLSDIR_TEXT (IDD_Directory_Settings + 10)
  ### #define ID_TLSDIR_DBOX (IDD_Directory_Settings + 11)
  ### #define ID_TLSDIR_BTTN (IDD_Directory_Settings + 12)
  ### #define ID_BATDIR_TEXT (IDD_Directory_Settings + 13)
  ### #define ID_BATDIR_DBOX (IDD_Directory_Settings + 14)
  ### #define ID_BATDIR_BTTN (IDD_Directory_Settings + 15)
  ### #define ID_TGZDIR_TEXT (IDD_Directory_Settings + 16)
  ### #define ID_TGZDIR_DBOX (IDD_Directory_Settings + 17)
  ### #define ID_TGZDIR_BTTN (IDD_Directory_Settings + 18)
  ### #define ID_RELDIR_TEXT (IDD_Directory_Settings + 19)
  ### #define ID_RELDIR_DBOX (IDD_Directory_Settings + 20)
  ### #define ID_RELDIR_BTTN (IDD_Directory_Settings + 21)
  ### #define ID_CYGDIR_TEXT (IDD_Directory_Settings + 22)
  ### #define ID_CYGDIR_DBOX (IDD_Directory_Settings + 23)
  ### #define ID_CYGDIR_BTTN (IDD_Directory_Settings + 24)
  ### #define ID_FFSDIR_TEXT (IDD_Directory_Settings + 25)
  ### #define ID_FFSDIR_DBOX (IDD_Directory_Settings + 26)
  ### #define ID_FFSDIR_BTTN (IDD_Directory_Settings + 27)
  ### #define ID_MAPDRV_TEXT (IDD_Directory_Settings + 28)
  ### #define ID_MAPDRV_CBOX (IDD_Directory_Settings + 29)
  ### #define ID_HOMDRV_TEXT (IDD_Directory_Settings + 30)
  ### #define ID_HOMDRV_CBOX (IDD_Directory_Settings + 31)
  ### #define IDD_Executable_Settings 4000
  ### #define ID_EXEFIL_TEXT (IDD_Executable_Settings + 1)
  ### #define ID_EXEFIL_FBOX (IDD_Executable_Settings + 2)
  ### #define ID_EXEFIL_BTTN (IDD_Executable_Settings + 3)
  ### #define ID_TTLEXE_TEXT (IDD_Executable_Settings + 4)
  ### #define ID_TTLEXE_FBOX (IDD_Executable_Settings + 5)
  ### #define ID_TTLEXE_BTTN (IDD_Executable_Settings + 6)
  ### #define ID_PLKEXE_TEXT (IDD_Executable_Settings + 7)
  ### #define ID_PLKEXE_FBOX (IDD_Executable_Settings + 8)
  ### #define ID_PLKEXE_BTTN (IDD_Executable_Settings + 9)
  ### #define ID_PCPEXE_TEXT (IDD_Executable_Settings + 10)
  ### #define ID_PCPEXE_FBOX (IDD_Executable_Settings + 11)
  ### #define ID_PCPEXE_BTTN (IDD_Executable_Settings + 12)
  ### #define ID_PYTEXE_TEXT (IDD_Executable_Settings + 13)
  ### #define ID_PYTEXE_FBOX (IDD_Executable_Settings + 14)
  ### #define ID_PYTEXE_BTTN (IDD_Executable_Settings + 15)
  ### #define ID_FFSEXE_TEXT (IDD_Executable_Settings + 16)
  ### #define ID_FFSEXE_FBOX (IDD_Executable_Settings + 17)
  ### #define ID_FFSEXE_BTTN (IDD_Executable_Settings + 18)
  ### #define ID_BEGCMD_TEXT (IDD_Executable_Settings + 19)
  ### #define ID_BEGCMD_CBOX (IDD_Executable_Settings + 20)
  ### #define ID_TRMCMD_TEXT (IDD_Executable_Settings + 21)
  ### #define ID_TRMCMD_CBOX (IDD_Executable_Settings + 22)
  ### #define IDD_Miscellaneous_Settings 5000
  ### #define ID_MSCFIL_TEXT (IDD_Miscellaneous_Settings + 1)
  ### #define ID_MSCFIL_FBOX (IDD_Miscellaneous_Settings + 2)
  ### #define ID_MSCFIL_BTTN (IDD_Miscellaneous_Settings + 3)
  ### #define ID_DBSDIR_TEXT (IDD_Miscellaneous_Settings + 4)
  ### #define ID_DBSDIR_CBOX (IDD_Miscellaneous_Settings + 5)
  ### #define ID_DBSFIL_TEXT (IDD_Miscellaneous_Settings + 6)
  ### #define ID_DBSFIL_CBOX (IDD_Miscellaneous_Settings + 7)
  ### #define ID_LTZCON_TEXT (IDD_Miscellaneous_Settings + 8)
  ### #define ID_LTZCON_CBOX (IDD_Miscellaneous_Settings + 9)
  ### #define ID_LTZCIT_TEXT (IDD_Miscellaneous_Settings + 10)
  ### #define ID_LTZCIT_CBOX (IDD_Miscellaneous_Settings + 11)
  ### #define ID_LOGDIR_TEXT (IDD_Miscellaneous_Settings + 12)
  ### #define ID_LOGDIR_CBOX (IDD_Miscellaneous_Settings + 13)
  ### #define ID_LOGFIL_TEXT (IDD_Miscellaneous_Settings + 14)
  ### #define ID_LOGFIL_CBOX (IDD_Miscellaneous_Settings + 15)
  ### #define ID_MOVLOG_TEXT (IDD_Miscellaneous_Settings + 16)
  ### #define ID_MOVLOG_CBOX (IDD_Miscellaneous_Settings + 17)
  ### #define IDD_SQL_Settings 6000
  ### #define ID_SQLFIL_TEXT (IDD_SQL_Settings + 1)
  ### #define ID_SQLFIL_FBOX (IDD_SQL_Settings + 2)
  ### #define ID_SQLFIL_BTTN (IDD_SQL_Settings + 3)
  ### #define ID_SQLMOD_TEXT (IDD_SQL_Settings + 4)
  ### #define ID_SQLTAG_TEXT (IDD_SQL_Settings + 5)
  ### #define ID_SQLVAL_TEXT (IDD_SQL_Settings + 6)
  ### #define ID_SQLMOD1_TEXT (IDD_SQL_Settings + 7)
  ### #define ID_SQLMOD1_CBOX (IDD_SQL_Settings + 8)
  ### #define ID_SQLTAG1_CBOX (IDD_SQL_Settings + 9)
  ### #define ID_SQLVAL1_CBOX (IDD_SQL_Settings + 10)
  ### #define ID_SQLMOD2_TEXT (IDD_SQL_Settings + 11)
  ### #define ID_SQLMOD2_CBOX (IDD_SQL_Settings + 12)
  ### #define ID_SQLTAG2_CBOX (IDD_SQL_Settings + 13)
  ### #define ID_SQLVAL2_CBOX (IDD_SQL_Settings + 14)
  ### #define ID_SQLMOD3_TEXT (IDD_SQL_Settings + 15)
  ### #define ID_SQLMOD3_CBOX (IDD_SQL_Settings + 16)
  ### #define ID_SQLTAG3_CBOX (IDD_SQL_Settings + 17)
  ### #define ID_SQLVAL3_CBOX (IDD_SQL_Settings + 18)
  ### #define ID_SQLMOD4_TEXT (IDD_SQL_Settings + 19)
  ### #define ID_SQLMOD4_CBOX (IDD_SQL_Settings + 20)
  ### #define ID_SQLTAG4_CBOX (IDD_SQL_Settings + 21)
  ### #define ID_SQLVAL4_CBOX (IDD_SQL_Settings + 22)
  ### #define ID_SQLMOD5_TEXT (IDD_SQL_Settings + 23)
  ### #define ID_SQLMOD5_CBOX (IDD_SQL_Settings + 24)
  ### #define ID_SQLTAG5_CBOX (IDD_SQL_Settings + 25)
  ### #define ID_SQLVAL5_CBOX (IDD_SQL_Settings + 26)
  ### #define ID_SQLMOD6_TEXT (IDD_SQL_Settings + 27)
  ### #define ID_SQLMOD6_CBOX (IDD_SQL_Settings + 28)
  ### #define ID_SQLTAG6_CBOX (IDD_SQL_Settings + 29)
  ### #define ID_SQLVAL6_CBOX (IDD_SQL_Settings + 30)
  ### #define ID_SQLMOD7_TEXT (IDD_SQL_Settings + 31)
  ### #define ID_SQLMOD7_CBOX (IDD_SQL_Settings + 32)
  ### #define ID_SQLTAG7_CBOX (IDD_SQL_Settings + 33)
  ### #define ID_SQLVAL7_CBOX (IDD_SQL_Settings + 34)
  ### #define ID_SQLMOD8_TEXT (IDD_SQL_Settings + 35)
  ### #define ID_SQLMOD8_CBOX (IDD_SQL_Settings + 36)
  ### #define ID_SQLTAG8_CBOX (IDD_SQL_Settings + 37)
  ### #define ID_SQLVAL8_CBOX (IDD_SQL_Settings + 38)
  ### #define ID_SQLMOD9_TEXT (IDD_SQL_Settings + 39)
  ### #define ID_SQLMOD9_CBOX (IDD_SQL_Settings + 40)
  ### #define ID_SQLTAG9_CBOX (IDD_SQL_Settings + 41)
  ### #define ID_SQLVAL9_CBOX (IDD_SQL_Settings + 42)
  ### #define ID_SQLMOD10_TEXT (IDD_SQL_Settings + 43)
  ### #define ID_SQLMOD10_CBOX (IDD_SQL_Settings + 44)
  ### #define ID_SQLTAG10_CBOX (IDD_SQL_Settings + 45)
  ### #define ID_SQLVAL10_CBOX (IDD_SQL_Settings + 46)
  ### #define ID_SQLMOD11_TEXT (IDD_SQL_Settings + 47)
  ### #define ID_SQLMOD11_CBOX (IDD_SQL_Settings + 48)
  ### #define ID_SQLTAG11_CBOX (IDD_SQL_Settings + 49)
  ### #define ID_SQLVAL11_CBOX (IDD_SQL_Settings + 50)
  ### #define ID_SQLMOD12_TEXT (IDD_SQL_Settings + 51)
  ### #define ID_SQLMOD12_CBOX (IDD_SQL_Settings + 52)
  ### #define ID_SQLTAG12_CBOX (IDD_SQL_Settings + 53)
  ### #define ID_SQLVAL12_CBOX (IDD_SQL_Settings + 54)
  ### #define IDD_Custom_Settings 7000
  ### #define ID_CSTFIL_TEXT (IDD_Custom_Settings + 1)
  ### #define ID_CSTFIL_FBOX (IDD_Custom_Settings + 2)
  ### #define ID_CSTFIL_BTTN (IDD_Custom_Settings + 3)
  ### #define ID_CSTVAR_TEXT (IDD_Custom_Settings + 4)
  ### #define ID_CSTVAL_TEXT (IDD_Custom_Settings + 5)
  ### #define ID_CSTVAR1_TEXT (IDD_Custom_Settings + 6)
  ### #define ID_CSTVAR1_CBOX (IDD_Custom_Settings + 7)
  ### #define ID_CSTVAL1_CBOX (IDD_Custom_Settings + 8)
  ### #define ID_CSTVAR2_TEXT (IDD_Custom_Settings + 9)
  ### #define ID_CSTVAR2_CBOX (IDD_Custom_Settings + 10)
  ### #define ID_CSTVAL2_CBOX (IDD_Custom_Settings + 11)
  ### #define ID_CSTVAR3_TEXT (IDD_Custom_Settings + 12)
  ### #define ID_CSTVAR3_CBOX (IDD_Custom_Settings + 13)
  ### #define ID_CSTVAL3_CBOX (IDD_Custom_Settings + 14)
  ### #define ID_CSTVAR4_TEXT (IDD_Custom_Settings + 15)
  ### #define ID_CSTVAR4_CBOX (IDD_Custom_Settings + 16)
  ### #define ID_CSTVAL4_CBOX (IDD_Custom_Settings + 17)
  ### #define ID_CSTVAR5_TEXT (IDD_Custom_Settings + 18)
  ### #define ID_CSTVAR5_CBOX (IDD_Custom_Settings + 19)
  ### #define ID_CSTVAL5_CBOX (IDD_Custom_Settings + 20)
  ### #define ID_CSTVAR6_TEXT (IDD_Custom_Settings + 21)
  ### #define ID_CSTVAR6_CBOX (IDD_Custom_Settings + 22)
  ### #define ID_CSTVAL6_CBOX (IDD_Custom_Settings + 23)
  ### #define ID_CSTVAR7_TEXT (IDD_Custom_Settings + 24)
  ### #define ID_CSTVAR7_CBOX (IDD_Custom_Settings + 25)
  ### #define ID_CSTVAL7_CBOX (IDD_Custom_Settings + 26)
  ### #define ID_CSTVAR8_TEXT (IDD_Custom_Settings + 27)
  ### #define ID_CSTVAR8_CBOX (IDD_Custom_Settings + 28)
  ### #define ID_CSTVAL8_CBOX (IDD_Custom_Settings + 29)
  ### #define ID_CSTVAR9_TEXT (IDD_Custom_Settings + 30)
  ### #define ID_CSTVAR9_CBOX (IDD_Custom_Settings + 31)
  ### #define ID_CSTVAL9_CBOX (IDD_Custom_Settings + 32)
  ### #define ID_CSTVAR10_TEXT (IDD_Custom_Settings + 33)
  ### #define ID_CSTVAR10_CBOX (IDD_Custom_Settings + 34)
  ### #define ID_CSTVAL10_CBOX (IDD_Custom_Settings + 35)
  ### #define ID_CSTVAR11_TEXT (IDD_Custom_Settings + 36)
  ### #define ID_CSTVAR11_CBOX (IDD_Custom_Settings + 37)
  ### #define ID_CSTVAL11_CBOX (IDD_Custom_Settings + 38)
  ### #define ID_CSTVAR12_TEXT (IDD_Custom_Settings + 39)
  ### #define ID_CSTVAR12_CBOX (IDD_Custom_Settings + 40)
  ### #define ID_CSTVAL12_CBOX (IDD_Custom_Settings + 41)
  ### #endif
  ###########################################################
  ###      _      __  ___                   __            ###
  ###     | | /| / / / _ \__ _____  ___ ___/ /__  ___     ###
  ###     | |/ |/ / / // / // / _ \(_-</ _  / _ \/ _ \    ###
  ###     |__/|__(_)____/\_,_/_//_/___/\_,_/\___/_//_/    ###
  ###                                                     ###
  ###                                          rc2cpp.bat ###
  ###                                    16/02/2018 12:50 ###
  ###                                                     ###
  ### @brief Generate Config CPP from Resource File...    ###
  ###                                                     ###
  ### @see rc2cpp.readme.txt for details.                 ###
  ###                                                     ###
  ### @param %1 - Resource file                           ###
  ###                                                     ###
  ###########################################################
  ### cygwin path of "C:\Source\npp-plugins\BuildEnvironment\NppPluginBuildEnvironment\NppPluginBuildEnvironmentResource.rc"
  ### is "/cygdrive/c/Source/npp-plugins/BuildEnvironment/NppPluginBuildEnvironment/NppPluginBuildEnvironmentResource.rc"
  ###
  ### ///////////////////////////////////@file NppPluginBuildEnvironmentResource.cpp
  ### ///
  ### /// Notepad++ Tools Environment Configuration.
  ### ///
  ### /// Generated by: rc2cpp.bat from NppPluginBuildEnvironmentResource.rc
  ### ///
  ### ///                                                                16 Feb 2018
  ### ///
  ### //////////////////////////////////////////////////////////////////////////////
  ### #include "NppPluginBuildEnvironmentResource.hpp"
  ### #include "SettingsDlg.h"
  ### const TCHAR NPP_PLUGIN_NAME[] = TEXT("Build Environment");
  ### ENVVAR ENVVAR_Build_Settings[] =
  ### {
  COMBOBOX ID_BLDFIL_FBOX 100 40 300 120 CBS_DROPDOWN  
  ###    { ID_BLDFIL_FBOX, ID_BLDFIL_BTTN, -1, "BLDFIL", NULL, NULL },
  COMBOBOX ID_BLDBRA_CBOX 100 60 300 120 CBS_DROPDOWN  
  ###    { ID_BLDBRA_CBOX, -1, -1, "BLDBRA", NULL, NULL },
  COMBOBOX ID_BLDUSR_CBOX 100 80 300 120 CBS_DROPDOWN  
  ###    { ID_BLDUSR_CBOX, -1, -1, "BLDUSR", NULL, NULL },
  COMBOBOX ID_BLDPWD_CBOX 100 100 300 120 CBS_DROPDOWN  
  ###    { ID_BLDPWD_CBOX, -1, -1, "BLDPWD", NULL, NULL },
  COMBOBOX ID_BLDADR_CBOX 100 120 300 120 CBS_DROPDOWN  
  ###    { ID_BLDADR_CBOX, -1, -1, "BLDADR", NULL, NULL },
  COMBOBOX ID_BLDVER_CBOX 100 140 300 120 CBS_DROPDOWN  
  ###    { ID_BLDVER_CBOX, -1, -1, "BLDVER", NULL, NULL },
  COMBOBOX ID_BLDTGT_CBOX 100 160 300 120 CBS_DROPDOWN  
  ###    { ID_BLDTGT_CBOX, -1, -1, "BLDTGT", NULL, NULL },
  COMBOBOX ID_BLDPRJ_CBOX 100 180 300 120 CBS_DROPDOWN  
  ###    { ID_BLDPRJ_CBOX, -1, -1, "BLDPRJ", NULL, NULL },
  COMBOBOX ID_BLDPFM_CBOX 100 200 300 120 CBS_DROPDOWN  
  ###    { ID_BLDPFM_CBOX, -1, -1, "BLDPFM", NULL, NULL },
  COMBOBOX ID_BLDOUT_CBOX 100 220 300 120 CBS_DROPDOWN  
  ###    { ID_BLDOUT_CBOX, -1, -1, "BLDOUT", NULL, NULL },
  COMBOBOX ID_TGTUSR_CBOX 100 240 300 120 CBS_DROPDOWN  
  ###    { ID_TGTUSR_CBOX, -1, -1, "TGTUSR", NULL, NULL },
  COMBOBOX ID_TGTPWD_CBOX 100 260 300 120 CBS_DROPDOWN  
  ###    { ID_TGTPWD_CBOX, -1, -1, "TGTPWD", NULL, NULL },
  COMBOBOX ID_TGTADR_CBOX 100 280 300 120 CBS_DROPDOWN  
  ###    { ID_TGTADR_CBOX, -1, -1, "TGTADR", NULL, NULL },
  COMBOBOX ID_DBSHAN_FBOX 100 300 300 120 CBS_DROPDOWN  
  ###    { ID_DBSHAN_FBOX, ID_DBSHAN_BTTN, -1, "DBSHAN", NULL, NULL },
  ###    { -1, -1, -1, NULL, NULL, NULL }
  ### };
  ### ENVVAR ENVVAR_Directory_Settings[] =
  ### {
  COMBOBOX ID_DIRFIL_FBOX 100 40 300 120 CBS_DROPDOWN  
  ###    { ID_DIRFIL_FBOX, ID_DIRFIL_BTTN, -1, "DIRFIL", NULL, NULL },
  COMBOBOX ID_PRJDIR_DBOX 100 60 300 120 CBS_DROPDOWN  
  ###    { ID_PRJDIR_DBOX, -1, ID_PRJDIR_BTTN, "PRJDIR", NULL, "PRJDRV" },
  COMBOBOX ID_TMPDIR_DBOX 100 80 300 120 CBS_DROPDOWN  
  ###    { ID_TMPDIR_DBOX, -1, ID_TMPDIR_BTTN, "TMPDIR", NULL, "TMPDRV" },
  COMBOBOX ID_TLSDIR_DBOX 100 100 300 120 CBS_DROPDOWN  
  ###    { ID_TLSDIR_DBOX, -1, ID_TLSDIR_BTTN, "TLSDIR", NULL, "TLSDRV" },
  COMBOBOX ID_BATDIR_DBOX 100 120 300 120 CBS_DROPDOWN  
  ###    { ID_BATDIR_DBOX, -1, ID_BATDIR_BTTN, "BATDIR", NULL, "BATDRV" },
  COMBOBOX ID_TGZDIR_DBOX 100 140 300 120 CBS_DROPDOWN  
  ###    { ID_TGZDIR_DBOX, -1, ID_TGZDIR_BTTN, "TGZDIR", NULL, "TGZDRV" },
  COMBOBOX ID_RELDIR_DBOX 100 160 300 120 CBS_DROPDOWN  
  ###    { ID_RELDIR_DBOX, -1, ID_RELDIR_BTTN, "RELDIR", NULL, "RELDRV" },
  COMBOBOX ID_CYGDIR_DBOX 100 180 300 120 CBS_DROPDOWN  
  ###    { ID_CYGDIR_DBOX, -1, ID_CYGDIR_BTTN, "CYGDIR", NULL, "CYGDRV" },
  COMBOBOX ID_FFSDIR_DBOX 100 200 300 120 CBS_DROPDOWN  
  ###    { ID_FFSDIR_DBOX, -1, ID_FFSDIR_BTTN, "FFSDIR", NULL, "FFSDRV" },
  COMBOBOX ID_MAPDRV_CBOX 100 220 300 120 CBS_DROPDOWN  
  ###    { ID_MAPDRV_CBOX, -1, -1, "MAPDRV", NULL, NULL },
  COMBOBOX ID_HOMDRV_CBOX 100 240 300 120 CBS_DROPDOWN  
  ###    { ID_HOMDRV_CBOX, -1, -1, "HOMDRV", NULL, NULL },
  ###    { -1, -1, -1, NULL, NULL, NULL }
  ### };
  ### ENVVAR ENVVAR_Executable_Settings[] =
  ### {
  COMBOBOX ID_EXEFIL_FBOX 100 40 300 120 CBS_DROPDOWN  
  ###    { ID_EXEFIL_FBOX, ID_EXEFIL_BTTN, -1, "EXEFIL", NULL, NULL },
  COMBOBOX ID_TTLEXE_FBOX 100 60 300 120 CBS_DROPDOWN  
  ###    { ID_TTLEXE_FBOX, ID_TTLEXE_BTTN, -1, "TTLEXE", NULL, NULL },
  COMBOBOX ID_PLKEXE_FBOX 100 80 300 120 CBS_DROPDOWN  
  ###    { ID_PLKEXE_FBOX, ID_PLKEXE_BTTN, -1, "PLKEXE", NULL, NULL },
  COMBOBOX ID_PCPEXE_FBOX 100 100 300 120 CBS_DROPDOWN  
  ###    { ID_PCPEXE_FBOX, ID_PCPEXE_BTTN, -1, "PCPEXE", NULL, NULL },
  COMBOBOX ID_PYTEXE_FBOX 100 120 300 120 CBS_DROPDOWN  
  ###    { ID_PYTEXE_FBOX, ID_PYTEXE_BTTN, -1, "PYTEXE", NULL, NULL },
  COMBOBOX ID_FFSEXE_FBOX 100 140 300 120 CBS_DROPDOWN  
  ###    { ID_FFSEXE_FBOX, ID_FFSEXE_BTTN, -1, "FFSEXE", NULL, NULL },
  COMBOBOX ID_BEGCMD_CBOX 100 160 300 120 CBS_DROPDOWN  
  ###    { ID_BEGCMD_CBOX, -1, -1, "BEGCMD", NULL, NULL },
  COMBOBOX ID_TRMCMD_CBOX 100 180 300 120 CBS_DROPDOWN  
  ###    { ID_TRMCMD_CBOX, -1, -1, "TRMCMD", NULL, NULL },
  ###    { -1, -1, -1, NULL, NULL, NULL }
  ### };
  ### ENVVAR ENVVAR_Miscellaneous_Settings[] =
  ### {
  COMBOBOX ID_MSCFIL_FBOX 100 40 300 120 CBS_DROPDOWN  
  ###    { ID_MSCFIL_FBOX, ID_MSCFIL_BTTN, -1, "MSCFIL", NULL, NULL },
  COMBOBOX ID_DBSDIR_CBOX 100 60 300 120 CBS_DROPDOWN  
  ###    { ID_DBSDIR_CBOX, -1, -1, "DBSDIR", NULL, NULL },
  COMBOBOX ID_DBSFIL_CBOX 100 80 300 120 CBS_DROPDOWN  
  ###    { ID_DBSFIL_CBOX, -1, -1, "DBSFIL", NULL, NULL },
  COMBOBOX ID_LTZCON_CBOX 100 100 300 120 CBS_DROPDOWN  
  ###    { ID_LTZCON_CBOX, -1, -1, "LTZCON", NULL, NULL },
  COMBOBOX ID_LTZCIT_CBOX 100 120 300 120 CBS_DROPDOWN  
  ###    { ID_LTZCIT_CBOX, -1, -1, "LTZCIT", NULL, NULL },
  COMBOBOX ID_LOGDIR_CBOX 100 140 300 120 CBS_DROPDOWN  
  ###    { ID_LOGDIR_CBOX, -1, -1, "LOGDIR", NULL, NULL },
  COMBOBOX ID_LOGFIL_CBOX 100 160 300 120 CBS_DROPDOWN  
  ###    { ID_LOGFIL_CBOX, -1, -1, "LOGFIL", NULL, NULL },
  COMBOBOX ID_MOVLOG_CBOX 100 180 300 120 CBS_DROPDOWN  
  ###    { ID_MOVLOG_CBOX, -1, -1, "MOVLOG", NULL, NULL },
  ###    { -1, -1, -1, NULL, NULL, NULL }
  ### };
  ### ENVVAR ENVVAR_SQL_Settings[] =
  ### {
  COMBOBOX ID_SQLFIL_FBOX 100 300 300 120 CBS_DROPDOWN  
  ###    { ID_SQLFIL_FBOX, ID_SQLFIL_BTTN, -1, "SQLFIL", NULL, NULL },
  COMBOBOX ID_SQLMOD1_CBOX 100 60 140 120 CBS_DROPDOWN  
  COMBOBOX ID_SQLTAG1_CBOX 250 60 140 120 CBS_DROPDOWN  
  COMBOBOX ID_SQLVAL1_CBOX 400 60 140 120 CBS_DROPDOWN  
  COMBOBOX ID_SQLMOD2_CBOX 100 80 140 120 CBS_DROPDOWN  
  COMBOBOX ID_SQLTAG2_CBOX 250 80 140 120 CBS_DROPDOWN  
  COMBOBOX ID_SQLVAL2_CBOX 400 80 140 120 CBS_DROPDOWN  
  COMBOBOX ID_SQLMOD3_CBOX 100 100 140 120 CBS_DROPDOWN  
  COMBOBOX ID_SQLTAG3_CBOX 250 100 140 120 CBS_DROPDOWN  
  COMBOBOX ID_SQLVAL3_CBOX 400 100 140 120 CBS_DROPDOWN  
  COMBOBOX ID_SQLMOD4_CBOX 100 120 140 120 CBS_DROPDOWN  
  COMBOBOX ID_SQLTAG4_CBOX 250 120 140 120 CBS_DROPDOWN  
  COMBOBOX ID_SQLVAL4_CBOX 400 120 140 120 CBS_DROPDOWN  
  COMBOBOX ID_SQLMOD5_CBOX 100 140 140 120 CBS_DROPDOWN  
  COMBOBOX ID_SQLTAG5_CBOX 250 140 140 120 CBS_DROPDOWN  
  COMBOBOX ID_SQLVAL5_CBOX 400 140 140 120 CBS_DROPDOWN  
  COMBOBOX ID_SQLMOD6_CBOX 100 160 140 120 CBS_DROPDOWN  
  COMBOBOX ID_SQLTAG6_CBOX 250 160 140 120 CBS_DROPDOWN  
  COMBOBOX ID_SQLVAL6_CBOX 400 160 140 120 CBS_DROPDOWN  
  COMBOBOX ID_SQLMOD7_CBOX 100 180 140 120 CBS_DROPDOWN  
  COMBOBOX ID_SQLTAG7_CBOX 250 180 140 120 CBS_DROPDOWN  
  COMBOBOX ID_SQLVAL7_CBOX 400 180 140 120 CBS_DROPDOWN  
  COMBOBOX ID_SQLMOD8_CBOX 100 200 140 120 CBS_DROPDOWN  
  COMBOBOX ID_SQLTAG8_CBOX 250 200 140 120 CBS_DROPDOWN  
  COMBOBOX ID_SQLVAL8_CBOX 400 200 140 120 CBS_DROPDOWN  
  COMBOBOX ID_SQLMOD9_CBOX 100 220 140 120 CBS_DROPDOWN  
  COMBOBOX ID_SQLTAG9_CBOX 250 220 140 120 CBS_DROPDOWN  
  COMBOBOX ID_SQLVAL9_CBOX 400 220 140 120 CBS_DROPDOWN  
  COMBOBOX ID_SQLMOD10_CBOX 100 240 140 120 CBS_DROPDOWN  
  COMBOBOX ID_SQLTAG10_CBOX 250 240 140 120 CBS_DROPDOWN  
  COMBOBOX ID_SQLVAL10_CBOX 400 240 140 120 CBS_DROPDOWN  
  COMBOBOX ID_SQLMOD11_CBOX 100 260 140 120 CBS_DROPDOWN  
  COMBOBOX ID_SQLTAG11_CBOX 250 260 140 120 CBS_DROPDOWN  
  COMBOBOX ID_SQLVAL11_CBOX 400 260 140 120 CBS_DROPDOWN  
  COMBOBOX ID_SQLMOD12_CBOX 100 280 140 120 CBS_DROPDOWN  
  COMBOBOX ID_SQLTAG12_CBOX 250 280 140 120 CBS_DROPDOWN  
  COMBOBOX ID_SQLVAL12_CBOX 400 280 140 120 CBS_DROPDOWN  
  ###    { -1, -1, -1, NULL, NULL, NULL }
  ### };
  ### ENVVAR ENVVAR_Custom_Settings[] =
  ### {
  COMBOBOX ID_CSTFIL_FBOX 100 300 300 120 CBS_DROPDOWN  
  ###    { ID_CSTFIL_FBOX, ID_CSTFIL_BTTN, -1, "CSTFIL", NULL, NULL },
  COMBOBOX ID_CSTVAR1_CBOX 100 60 140 120 CBS_DROPDOWN  
  COMBOBOX ID_CSTVAL1_CBOX 250 60 140 120 CBS_DROPDOWN  
  COMBOBOX ID_CSTVAR2_CBOX 100 80 140 120 CBS_DROPDOWN  
  COMBOBOX ID_CSTVAL2_CBOX 250 80 140 120 CBS_DROPDOWN  
  COMBOBOX ID_CSTVAR3_CBOX 100 100 140 120 CBS_DROPDOWN  
  COMBOBOX ID_CSTVAL3_CBOX 250 100 140 120 CBS_DROPDOWN  
  COMBOBOX ID_CSTVAR4_CBOX 100 120 140 120 CBS_DROPDOWN  
  COMBOBOX ID_CSTVAL4_CBOX 250 120 140 120 CBS_DROPDOWN  
  COMBOBOX ID_CSTVAR5_CBOX 100 140 140 120 CBS_DROPDOWN  
  COMBOBOX ID_CSTVAL5_CBOX 250 140 140 120 CBS_DROPDOWN  
  COMBOBOX ID_CSTVAR6_CBOX 100 160 140 120 CBS_DROPDOWN  
  COMBOBOX ID_CSTVAL6_CBOX 250 160 140 120 CBS_DROPDOWN  
  COMBOBOX ID_CSTVAR7_CBOX 100 180 140 120 CBS_DROPDOWN  
  COMBOBOX ID_CSTVAL7_CBOX 250 180 140 120 CBS_DROPDOWN  
  COMBOBOX ID_CSTVAR8_CBOX 100 200 140 120 CBS_DROPDOWN  
  COMBOBOX ID_CSTVAL8_CBOX 250 200 140 120 CBS_DROPDOWN  
  COMBOBOX ID_CSTVAR9_CBOX 100 220 140 120 CBS_DROPDOWN  
  COMBOBOX ID_CSTVAL9_CBOX 250 220 140 120 CBS_DROPDOWN  
  COMBOBOX ID_CSTVAR10_CBOX 100 240 140 120 CBS_DROPDOWN  
  COMBOBOX ID_CSTVAL10_CBOX 250 240 140 120 CBS_DROPDOWN  
  COMBOBOX ID_CSTVAR11_CBOX 100 260 140 120 CBS_DROPDOWN  
  COMBOBOX ID_CSTVAL11_CBOX 250 260 140 120 CBS_DROPDOWN  
  COMBOBOX ID_CSTVAR12_CBOX 100 280 140 120 CBS_DROPDOWN  
  COMBOBOX ID_CSTVAL12_CBOX 250 280 140 120 CBS_DROPDOWN  
  ###    { -1, -1, -1, NULL, NULL, NULL }
  ### };
  ### const int nbFunc = 6;
  ### FuncItem funcItem[nbFunc];
  ### ENVSET envsetlst[] =
  ### {
  ###    { TEXT("Build Settings"), SettingsDlg(IDD_Build_Settings, ENVVAR_Build_Settings) },
  ###    { TEXT("Directory Settings"), SettingsDlg(IDD_Directory_Settings, ENVVAR_Directory_Settings) },
  ###    { TEXT("Executable Settings"), SettingsDlg(IDD_Executable_Settings, ENVVAR_Executable_Settings) },
  ###    { TEXT("Miscellaneous Settings"), SettingsDlg(IDD_Miscellaneous_Settings, ENVVAR_Miscellaneous_Settings) },
  ###    { TEXT("SQL Settings"), SettingsDlg(IDD_SQL_Settings, ENVVAR_SQL_Settings) },
  ###    { TEXT("Custom Settings"), SettingsDlg(IDD_Custom_Settings, ENVVAR_Custom_Settings) },
  ### };
  SettingsDlg.cpp
  StaticDialog.cpp
  NppPluginBuildEnvironment.cpp
  NppPluginBuildEnvironmentMain.cpp
  NppPluginBuildEnvironmentResource.cpp
  Generating Code...
     Creating library C:\Source\npp-plugins\BuildEnvironment\NppPluginBuildEnvironment\Unicode Release\plugins\\NppPluginBuildEnvironment.lib and object C:\Source\npp-plugins\BuildEnvironment\NppPluginBuildEnvironment\Unicode Release\plugins\\NppPluginBuildEnvironment.exp
  NppPluginBuildEnvironment.vcxproj -> C:\Source\npp-plugins\BuildEnvironment\NppPluginBuildEnvironment\Unicode Release\plugins\NppPluginBuildEnvironment.dll
