c:\users\wdunsdon\my projects\obc_tools\npppluginbuildenvironment\npppluginbuildenvironmentapp\unicode debug\npppluginbuildenvironmentapp.pch
c:\users\wdunsdon\my projects\obc_tools\npppluginbuildenvironment\npppluginbuildenvironmentapp\unicode debug\vc120.pdb
c:\users\wdunsdon\my projects\obc_tools\npppluginbuildenvironment\npppluginbuildenvironmentapp\unicode debug\vc120.idb
c:\users\wdunsdon\my projects\obc_tools\npppluginbuildenvironment\npppluginbuildenvironmentapp\unicode debug\stdafx.obj
c:\users\wdunsdon\my projects\obc_tools\npppluginbuildenvironment\npppluginbuildenvironmentapp\unicode debug\npppluginbuildenvironmentapp.obj
d:\projects\obc_tools\npppluginbuildenvironment\npppluginbuildenvironmentapp\unicode debug\npppluginbuildenvironmentapp.pch
d:\projects\obc_tools\npppluginbuildenvironment\npppluginbuildenvironmentapp\unicode debug\vc140.pdb
d:\projects\obc_tools\npppluginbuildenvironment\npppluginbuildenvironmentapp\unicode debug\vc140.idb
d:\projects\obc_tools\npppluginbuildenvironment\npppluginbuildenvironmentapp\unicode debug\stdafx.obj
d:\projects\obc_tools\npppluginbuildenvironment\npppluginbuildenvironmentapp\unicode debug\npppluginbuildenvironmentapp.obj
c:\users\wdunsdon\my projects\obc_tools\npppluginbuildenvironment\unicode debug\npppluginbuildenvironmentapp.ilk
c:\users\wdunsdon\my projects\obc_tools\npppluginbuildenvironment\unicode debug\npppluginbuildenvironmentapp.exe
c:\users\wdunsdon\my projects\obc_tools\npppluginbuildenvironment\unicode debug\npppluginbuildenvironmentapp.pdb
d:\projects\obc_tools\npppluginbuildenvironment\unicode debug\npppluginbuildenvironmentapp.ilk
d:\projects\obc_tools\npppluginbuildenvironment\unicode debug\npppluginbuildenvironmentapp.exe
d:\projects\obc_tools\npppluginbuildenvironment\unicode debug\npppluginbuildenvironmentapp.pdb
c:\users\wdunsdon\my projects\obc_tools\npppluginbuildenvironment\npppluginbuildenvironmentapp\unicode debug\npppluginbuildenvironmentapp.res
d:\projects\obc_tools\npppluginbuildenvironment\npppluginbuildenvironmentapp\unicode debug\npppluginbuildenvironmentapp.res
d:\projects\obc_tools\npppluginbuildenvironment\npppluginbuildenvironmentapp\unicode debug\vc120.idb
d:\projects\obc_tools\npppluginbuildenvironment\npppluginbuildenvironmentapp\unicode debug\vc120.pdb
d:\projects\obc_tools\npppluginbuildenvironment\npppluginbuildenvironmentapp\unicode debug\nppplugi.7c8a2f80.tlog\cl.command.1.tlog
d:\projects\obc_tools\npppluginbuildenvironment\npppluginbuildenvironmentapp\unicode debug\nppplugi.7c8a2f80.tlog\cl.read.1.tlog
d:\projects\obc_tools\npppluginbuildenvironment\npppluginbuildenvironmentapp\unicode debug\nppplugi.7c8a2f80.tlog\cl.write.1.tlog
d:\projects\obc_tools\npppluginbuildenvironment\npppluginbuildenvironmentapp\unicode debug\nppplugi.7c8a2f80.tlog\link.command.1.tlog
d:\projects\obc_tools\npppluginbuildenvironment\npppluginbuildenvironmentapp\unicode debug\nppplugi.7c8a2f80.tlog\link.read.1.tlog
d:\projects\obc_tools\npppluginbuildenvironment\npppluginbuildenvironmentapp\unicode debug\nppplugi.7c8a2f80.tlog\link.write.1.tlog
d:\projects\obc_tools\npppluginbuildenvironment\npppluginbuildenvironmentapp\unicode debug\nppplugi.7c8a2f80.tlog\rc.command.1.tlog
d:\projects\obc_tools\npppluginbuildenvironment\npppluginbuildenvironmentapp\unicode debug\nppplugi.7c8a2f80.tlog\rc.read.1.tlog
d:\projects\obc_tools\npppluginbuildenvironment\npppluginbuildenvironmentapp\unicode debug\nppplugi.7c8a2f80.tlog\rc.write.1.tlog
