d:\projects\obc_tools\npppluginbuildenvironment\unicode debug\vc140.pdb
d:\projects\obc_tools\npppluginbuildenvironment\unicode debug\vc140.idb
d:\projects\obc_tools\npppluginbuildenvironment\unicode debug\settingsdlg.obj
d:\projects\obc_tools\npppluginbuildenvironment\unicode debug\staticdialog.obj
d:\projects\obc_tools\npppluginbuildenvironment\unicode debug\npppluginbuildenvironment.obj
d:\projects\obc_tools\npppluginbuildenvironment\unicode debug\npppluginbuildenvironmentmain.obj
d:\projects\obc_tools\npppluginbuildenvironment\unicode debug\npppluginbuildenvironmentresource.obj
d:\projects\obc_tools\npppluginbuildenvironment\unicode debug\plugins\npppluginbuildenvironment_debug.ilk
d:\projects\obc_tools\npppluginbuildenvironment\unicode debug\plugins\npppluginbuildenvironment_debug.dll
d:\projects\obc_tools\npppluginbuildenvironment\unicode debug\plugins\npppluginbuildenvironment.pdb
d:\projects\obc_tools\npppluginbuildenvironment\npppluginbuildenvironmentresource.cpp
d:\projects\obc_tools\npppluginbuildenvironment\unicode debug\plugins\npppluginbuildenvironment.lib
d:\projects\obc_tools\npppluginbuildenvironment\unicode debug\plugins\npppluginbuildenvironment.exp
d:\projects\obc_tools\npppluginbuildenvironment\unicode debug\npppluginbuildenvironmentresource.res
d:\projects\obc_tools\npppluginbuildenvironment\unicode debug\npppluginbuildenvironmentapp.ilk
d:\projects\obc_tools\npppluginbuildenvironment\unicode debug\npppluginbuildenvironmentapp.pdb
d:\projects\obc_tools\npppluginbuildenvironment\unicode debug\nppplugi.1590d7cd.tlog\cl.command.1.tlog
d:\projects\obc_tools\npppluginbuildenvironment\unicode debug\nppplugi.1590d7cd.tlog\cl.read.1.tlog
d:\projects\obc_tools\npppluginbuildenvironment\unicode debug\nppplugi.1590d7cd.tlog\cl.write.1.tlog
d:\projects\obc_tools\npppluginbuildenvironment\unicode debug\nppplugi.1590d7cd.tlog\link.command.1.tlog
d:\projects\obc_tools\npppluginbuildenvironment\unicode debug\nppplugi.1590d7cd.tlog\link.read.1.tlog
d:\projects\obc_tools\npppluginbuildenvironment\unicode debug\nppplugi.1590d7cd.tlog\link.write.1.tlog
d:\projects\obc_tools\npppluginbuildenvironment\unicode debug\nppplugi.1590d7cd.tlog\npppluginbuildenvironment.write.1u.tlog
d:\projects\obc_tools\npppluginbuildenvironment\unicode debug\nppplugi.1590d7cd.tlog\rc.command.1.tlog
d:\projects\obc_tools\npppluginbuildenvironment\unicode debug\nppplugi.1590d7cd.tlog\rc.read.1.tlog
d:\projects\obc_tools\npppluginbuildenvironment\unicode debug\nppplugi.1590d7cd.tlog\rc.write.1.tlog
